#
# A fatal error has been detected by the Java Runtime Environment:
#
#  EXCEPTION_ACCESS_VIOLATION (0xc0000005) at pc=0x000000005b71a0a5, pid=12528, tid=0x00000000000016d8
#
# JRE version: Java(TM) SE Runtime Environment (8.0_101-b13) (build 1.8.0_101-b13)
# Java VM: Java HotSpot(TM) 64-Bit Server VM (25.101-b13 mixed mode windows-amd64 compressed oops)
# Problematic frame:
# V  [jvm.dll+0x12a0a5]
#
# Failed to write core dump. Minidumps are not enabled by default on client versions of Windows
#
# If you would like to submit a bug report, please visit:
#   http://bugreport.java.com/bugreport/crash.jsp
#

---------------  T H R E A D  ---------------

Current thread (0x000000001eca9000):  JavaThread "JDWP Transport Listener: dt_socket" daemon [_thread_in_vm, id=5848, stack(0x000000001f470000,0x000000001f570000)]

siginfo: ExceptionCode=0xc0000005, reading address 0xffffffffffffffff

Registers:
RAX=0x000000001f56f201, RBX=0x000000001eca9000, RCX=0x2470614d68736148, RDX=0x0000000000000000
RSP=0x000000001f56f230, RBP=0x2470614d68736148, RSI=0x000000001f56f348, RDI=0x00000000033fb610
R8 =0x000000001eca9000, R9 =0x0000000000000000, R10=0x0000000000000000, R11=0x0000000000000064
R12=0x0000000000000000, R13=0x000000001ecb40e8, R14=0x0000000000000000, R15=0x0000000000000000
RIP=0x000000005b71a0a5, EFLAGS=0x0000000000010206

Top of Stack: (sp=0x000000001f56f230)
0x000000001f56f230:   000000001eca9000 000000001eca9000
0x000000001f56f240:   000000001f56f2f8 000000005b922f0b
0x000000001f56f250:   000000001eca9000 000000005b93f76d
0x000000001f56f260:   00000000207b6610 000000005b4e9155
0x000000001f56f270:   000000001ee13d08 000000005b4f291e
0x000000001f56f280:   000000001eca9000 0000000000000000
0x000000001f56f290:   0000000000000000 0000000000000000
0x000000001f56f2a0:   2470614d68736148 000000005b4f1a15
0x000000001f56f2b0:   000000001f56f348 000000001f56f320
0x000000001f56f2c0:   0000000000000001 000000001ee13d08
0x000000001f56f2d0:   2470614d68736148 000000005b4d53b3
0x000000001f56f2e0:   000000001f56f410 0000000000000001
0x000000001f56f2f0:   0000000000000001 000000001ee13d08
0x000000001f56f300:   0000000000000001 0000000000000000
0x000000001f56f310:   0000000000000000 0000000000000000
0x000000001f56f320:   0000000000000001 000000005b4d5571 

Instructions: (pc=0x000000005b71a0a5)
0x000000005b71a085:   cc cc cc cc cc cc cc cc cc cc cc 48 83 ec 28 48
0x000000005b71a095:   85 c9 75 07 33 c0 48 83 c4 28 c3 48 89 5c 24 20
0x000000005b71a0a5:   48 8b 19 48 85 db 74 20 48 83 fb 37 74 1a 48 8b
0x000000005b71a0b5:   13 48 8b cb ff 52 10 84 c0 74 0d 48 8b c3 48 8b 


Register to memory mapping:

RAX=0x000000001f56f201 is pointing into the stack for thread: 0x000000001eca9000
RBX=0x000000001eca9000 is a thread
RCX=0x2470614d68736148 is an unknown value
RDX=0x0000000000000000 is an unknown value
RSP=0x000000001f56f230 is pointing into the stack for thread: 0x000000001eca9000
RBP=0x2470614d68736148 is an unknown value
RSI=0x000000001f56f348 is pointing into the stack for thread: 0x000000001eca9000
RDI=0x00000000033fb610 is an unknown value
R8 =0x000000001eca9000 is a thread
R9 =0x0000000000000000 is an unknown value
R10=0x0000000000000000 is an unknown value
R11=0x0000000000000064 is an unknown value
R12=0x0000000000000000 is an unknown value
R13=0x000000001ecb40e8 is an unknown value
R14=0x0000000000000000 is an unknown value
R15=0x0000000000000000 is an unknown value


Stack: [0x000000001f470000,0x000000001f570000],  sp=0x000000001f56f230,  free space=1020k
Native frames: (J=compiled Java code, j=interpreted, Vv=VM code, C=native code)
V  [jvm.dll+0x12a0a5]
V  [jvm.dll+0x34f76d]
C  [jdwp.dll+0x21a15]
C  [jdwp.dll+0x53b3]
C  [jdwp.dll+0x5571]
C  [jdwp.dll+0xf0a8]
C  [jdwp.dll+0x1f2d5]
C  [jdwp.dll+0x1f4aa]
V  [jvm.dll+0x1bd258]
V  [jvm.dll+0x2451a4]
V  [jvm.dll+0x29c18a]
C  [msvcr100.dll+0x21d9f]
C  [msvcr100.dll+0x21e3b]
C  [KERNEL32.DLL+0x18102]
C  [ntdll.dll+0x5c5b4]


---------------  P R O C E S S  ---------------

Java Threads: ( => current thread )
  0x0000000020e30800 JavaThread "qtp90325793-37" [_thread_blocked, id=8424, stack(0x0000000024630000,0x0000000024730000)]
  0x0000000020e32000 JavaThread "qtp90325793-36" [_thread_blocked, id=7616, stack(0x0000000023400000,0x0000000023500000)]
  0x0000000020e2f000 JavaThread "qtp90325793-35" [_thread_blocked, id=5144, stack(0x0000000023300000,0x0000000023400000)]
  0x0000000020e31000 JavaThread "Scheduler-402960786" [_thread_blocked, id=3636, stack(0x0000000023000000,0x0000000023100000)]
  0x0000000020e35000 JavaThread "qtp90325793-33" [_thread_blocked, id=1812, stack(0x0000000022f00000,0x0000000023000000)]
  0x0000000020e34000 JavaThread "qtp90325793-32-acceptor-3-ServerConnector@6d43bf29{HTTP/1.1}{0.0.0.0:8081}" [_thread_blocked, id=9292, stack(0x0000000022e00000,0x0000000022f00000)]
  0x0000000020e2e000 JavaThread "qtp90325793-31-acceptor-2-ServerConnector@6d43bf29{HTTP/1.1}{0.0.0.0:8081}" [_thread_blocked, id=5612, stack(0x0000000022d00000,0x0000000022e00000)]
  0x0000000020e33800 JavaThread "qtp90325793-30-acceptor-1-ServerConnector@6d43bf29{HTTP/1.1}{0.0.0.0:8081}" [_thread_blocked, id=9792, stack(0x0000000022c00000,0x0000000022d00000)]
  0x0000000020e32800 JavaThread "qtp90325793-29-acceptor-0-ServerConnector@6d43bf29{HTTP/1.1}{0.0.0.0:8081}" [_thread_in_native, id=12932, stack(0x0000000022b00000,0x0000000022c00000)]
  0x0000000020eaf000 JavaThread "HashSessionScavenger-0" daemon [_thread_blocked, id=11204, stack(0x0000000022900000,0x0000000022a00000)]
  0x0000000020eaa000 JavaThread "qtp90325793-26-selector-7" [_thread_in_native, id=1368, stack(0x0000000022800000,0x0000000022900000)]
  0x0000000020b97800 JavaThread "qtp90325793-25-selector-5" [_thread_in_native, id=10592, stack(0x0000000022700000,0x0000000022800000)]
  0x00000000207d1800 JavaThread "qtp90325793-24-selector-6" [_thread_in_native, id=1552, stack(0x0000000022600000,0x0000000022700000)]
  0x0000000020ccd000 JavaThread "qtp90325793-23-selector-4" [_thread_in_native, id=10564, stack(0x0000000022500000,0x0000000022600000)]
  0x0000000020c20800 JavaThread "qtp90325793-22-selector-3" [_thread_in_native, id=4836, stack(0x0000000022400000,0x0000000022500000)]
  0x0000000020c20000 JavaThread "qtp90325793-21-selector-1" [_thread_in_native, id=12212, stack(0x0000000022300000,0x0000000022400000)]
  0x0000000020c1f000 JavaThread "qtp90325793-20-selector-2" [_thread_in_native, id=12812, stack(0x0000000022100000,0x0000000022200000)]
  0x0000000020a87000 JavaThread "qtp90325793-19-selector-0" [_thread_in_native, id=12088, stack(0x0000000022000000,0x0000000022100000)]
  0x00000000208c7000 JavaThread "DateCache" daemon [_thread_blocked, id=11756, stack(0x0000000021f00000,0x0000000022000000)]
  0x0000000003233800 JavaThread "DestroyJavaVM" [_thread_blocked, id=7080, stack(0x0000000003090000,0x0000000003190000)]
  0x0000000020678000 JavaThread "Thread-1" [_thread_blocked, id=9784, stack(0x0000000021c00000,0x0000000021d00000)]
  0x000000001ed58800 JavaThread "Service Thread" daemon [_thread_blocked, id=4652, stack(0x000000001ff30000,0x0000000020030000)]
  0x000000001ecd1800 JavaThread "C1 CompilerThread3" daemon [_thread_blocked, id=11968, stack(0x000000001fe30000,0x000000001ff30000)]
  0x000000001ecce800 JavaThread "C2 CompilerThread2" daemon [_thread_blocked, id=8032, stack(0x000000001fd30000,0x000000001fe30000)]
  0x000000001ecce000 JavaThread "C2 CompilerThread1" daemon [_thread_blocked, id=11916, stack(0x000000001fc30000,0x000000001fd30000)]
  0x000000001ecc8000 JavaThread "C2 CompilerThread0" daemon [_thread_blocked, id=11788, stack(0x000000001fb30000,0x000000001fc30000)]
  0x000000001ecb9000 JavaThread "JDWP Command Reader" daemon [_thread_in_native, id=7048, stack(0x000000001fa30000,0x000000001fb30000)]
  0x000000001ecb6000 JavaThread "JDWP Event Helper Thread" daemon [_thread_blocked, id=6048, stack(0x000000001f930000,0x000000001fa30000)]
=>0x000000001eca9000 JavaThread "JDWP Transport Listener: dt_socket" daemon [_thread_in_vm, id=5848, stack(0x000000001f470000,0x000000001f570000)]
  0x000000001ec9d800 JavaThread "Attach Listener" daemon [_thread_blocked, id=5580, stack(0x000000001f370000,0x000000001f470000)]
  0x000000001ec9c800 JavaThread "Signal Dispatcher" daemon [_thread_blocked, id=3268, stack(0x000000001f270000,0x000000001f370000)]
  0x000000001ec90800 JavaThread "Finalizer" daemon [_thread_blocked, id=4040, stack(0x000000001f070000,0x000000001f170000)]
  0x000000001cd9d800 JavaThread "Reference Handler" daemon [_thread_blocked, id=3692, stack(0x000000001eb70000,0x000000001ec70000)]

Other Threads:
  0x000000001cd98800 VMThread [stack: 0x000000001ea70000,0x000000001eb70000] [id=7608]
  0x000000001ed86800 WatcherThread [stack: 0x0000000020030000,0x0000000020130000] [id=5564]

VM state:not at safepoint (normal execution)

VM Mutex/Monitor currently owned by a thread: None

Heap:
 PSYoungGen      total 75776K, used 60108K [0x000000076b800000, 0x0000000770c80000, 0x00000007c0000000)
  eden space 65024K, 76% used [0x000000076b800000,0x000000076e8bba70,0x000000076f780000)
  from space 10752K, 94% used [0x000000076f780000,0x00000007701777b8,0x0000000770200000)
  to   space 10752K, 0% used [0x0000000770200000,0x0000000770200000,0x0000000770c80000)
 ParOldGen       total 173568K, used 24K [0x00000006c2800000, 0x00000006cd180000, 0x000000076b800000)
  object space 173568K, 0% used [0x00000006c2800000,0x00000006c2806000,0x00000006cd180000)
 Metaspace       used 15848K, capacity 16176K, committed 16256K, reserved 1062912K
  class space    used 1825K, capacity 1900K, committed 1920K, reserved 1048576K

Card table byte_map: [0x00000000127c0000,0x0000000012fb0000] byte_map_base: 0x000000000f1ac000

Marking Bits: (ParMarkBitMap*) 0x000000005be0a6d0
 Begin Bits: [0x0000000013d00000, 0x0000000017c60000)
 End Bits:   [0x0000000017c60000, 0x000000001bbc0000)

Polling page: 0x0000000003190000

CodeCache: size=245760Kb used=5690Kb max_used=5701Kb free=240069Kb
 bounds [0x0000000003400000, 0x00000000039b0000, 0x0000000012400000]
 total_blobs=1909 nmethods=1477 adapters=352
 compilation: enabled

Compilation events (10 events):
Event: 42.492 Thread 0x000000001ecd1800 1480       3       org.eclipse.jetty.util.component.AbstractLifeCycle::isRunning (21 bytes)
Event: 42.492 Thread 0x000000001ecd1800 nmethod 1480 0x0000000003955b50 code [0x0000000003955ca0, 0x0000000003955e90]
Event: 43.493 Thread 0x000000001ecd1800 1481       3       java.util.GregorianCalendar::getWeekNumber (89 bytes)
Event: 43.495 Thread 0x000000001ecd1800 nmethod 1481 0x0000000003954e10 code [0x0000000003954fa0, 0x0000000003955730]
Event: 43.495 Thread 0x000000001ecd1800 1482       3       sun.util.calendar.AbstractCalendar::getDayOfWeekDateOnOrBefore (31 bytes)
Event: 43.496 Thread 0x000000001ecd1800 nmethod 1482 0x000000000395aa10 code [0x000000000395ab80, 0x000000000395af30]
Event: 44.493 Thread 0x000000001ecd1800 1483       3       java.util.Calendar::setFieldsComputed (117 bytes)
Event: 44.494 Thread 0x000000001ecd1800 nmethod 1483 0x000000000395a010 code [0x000000000395a1c0, 0x000000000395a690]
Event: 47.493 Thread 0x000000001ecc8000 1484       4       java.util.Arrays::copyOf (13 bytes)
Event: 47.496 Thread 0x000000001ecc8000 nmethod 1484 0x00000000039549d0 code [0x0000000003954b20, 0x0000000003954cf8]

GC Heap History (2 events):
Event: 4.680 GC heap before
{Heap before GC invocations=1 (full 0):
 PSYoungGen      total 75776K, used 65024K [0x000000076b800000, 0x0000000770c80000, 0x00000007c0000000)
  eden space 65024K, 100% used [0x000000076b800000,0x000000076f780000,0x000000076f780000)
  from space 10752K, 0% used [0x0000000770200000,0x0000000770200000,0x0000000770c80000)
  to   space 10752K, 0% used [0x000000076f780000,0x000000076f780000,0x0000000770200000)
 ParOldGen       total 173568K, used 0K [0x00000006c2800000, 0x00000006cd180000, 0x000000076b800000)
  object space 173568K, 0% used [0x00000006c2800000,0x00000006c2800000,0x00000006cd180000)
 Metaspace       used 14591K, capacity 14952K, committed 15104K, reserved 1062912K
  class space    used 1700K, capacity 1770K, committed 1792K, reserved 1048576K
Event: 4.689 GC heap after
Heap after GC invocations=1 (full 0):
 PSYoungGen      total 75776K, used 10205K [0x000000076b800000, 0x0000000770c80000, 0x00000007c0000000)
  eden space 65024K, 0% used [0x000000076b800000,0x000000076b800000,0x000000076f780000)
  from space 10752K, 94% used [0x000000076f780000,0x00000007701777b8,0x0000000770200000)
  to   space 10752K, 0% used [0x0000000770200000,0x0000000770200000,0x0000000770c80000)
 ParOldGen       total 173568K, used 24K [0x00000006c2800000, 0x00000006cd180000, 0x000000076b800000)
  object space 173568K, 0% used [0x00000006c2800000,0x00000006c2806000,0x00000006cd180000)
 Metaspace       used 14591K, capacity 14952K, committed 15104K, reserved 1062912K
  class space    used 1700K, capacity 1770K, committed 1792K, reserved 1048576K
}

Deoptimization events (10 events):
Event: 8.444 Thread 0x0000000020e35000 Uncommon trap: reason=unstable_if action=reinterpret pc=0x000000000386bd84 method=com.github.jknack.handlebars.internal.HbsLexer.ahead(Ljava/lang/String;I)Z @ 7
Event: 8.444 Thread 0x0000000020e35000 Uncommon trap: reason=unloaded action=reinterpret pc=0x000000000387cff4 method=org.antlr.v4.runtime.atn.LexerATNSimulator.getEpsilonTarget(Lorg/antlr/v4/runtime/CharStream;Lorg/antlr/v4/runtime/atn/LexerATNConfig;Lorg/antlr/v4/runtime/atn/Transition;Lorg/a€.…•Öã @
Event: 8.445 Thread 0x0000000020e35000 Uncommon trap: reason=null_assert action=make_not_entrant pc=0x000000000386df24 method=org.antlr.v4.runtime.atn.LexerATNConfig.<init>(Lorg/antlr/v4/runtime/atn/LexerATNConfig;Lorg/antlr/v4/runtime/atn/ATNState;)V @ 19
Event: 8.474 Thread 0x0000000020e35000 Uncommon trap: reason=unstable_if action=reinterpret pc=0x00000000037cbf78 method=java.lang.ThreadLocal$ThreadLocalMap.getEntry(Ljava/lang/ThreadLocal;)Ljava/lang/ThreadLocal$ThreadLocalMap$Entry; @ 29
Event: 10.005 Thread 0x0000000020e2f000 Uncommon trap: reason=array_check action=maybe_recompile pc=0x00000000038e2624 method=org.antlr.v4.runtime.misc.Array2DHashSet.getOrAddImpl(Ljava/lang/Object;)Ljava/lang/Object; @ 36
Event: 10.005 Thread 0x0000000020e2f000 Uncommon trap: reason=array_check action=maybe_recompile pc=0x00000000038e2624 method=org.antlr.v4.runtime.misc.Array2DHashSet.getOrAddImpl(Ljava/lang/Object;)Ljava/lang/Object; @ 36
Event: 10.005 Thread 0x0000000020e2f000 Uncommon trap: reason=array_check action=maybe_recompile pc=0x00000000038ea950 method=org.antlr.v4.runtime.misc.Array2DHashSet.getOrAddImpl(Ljava/lang/Object;)Ljava/lang/Object; @ 74
Event: 10.005 Thread 0x0000000020e2f000 Uncommon trap: reason=array_check action=maybe_recompile pc=0x00000000038ea0bc method=org.antlr.v4.runtime.misc.Array2DHashSet.getOrAddImpl(Ljava/lang/Object;)Ljava/lang/Object; @ 36
Event: 11.317 Thread 0x0000000020e35000 Uncommon trap: reason=array_check action=maybe_recompile pc=0x0000000003930108 method=org.antlr.v4.runtime.misc.Array2DHashSet.getOrAddImpl(Ljava/lang/Object;)Ljava/lang/Object; @ 128
Event: 11.317 Thread 0x0000000020e35000 Uncommon trap: reason=array_check action=maybe_recompile pc=0x0000000003930108 method=org.antlr.v4.runtime.misc.Array2DHashSet.getOrAddImpl(Ljava/lang/Object;)Ljava/lang/Object; @ 128

Internal exceptions (10 events):
Event: 0.027 Thread 0x0000000003233800 Exception <a 'java/lang/NoSuchMethodError': Method sun.misc.Unsafe.prefetchRead(Ljava/lang/Object;J)V name or signature does not match> (0x000000076b807fa8) thrown at [C:\re\workspace\8-2-build-windows-amd64-cygwin\jdk8u101\7261\hotspot\src\share\vm\prims\lËÙ’a6È?
Event: 0.189 Thread 0x0000000003233800 Exception <a 'java/security/PrivilegedActionException'> (0x000000076bcf8ab0) thrown at [C:\re\workspace\8-2-build-windows-amd64-cygwin\jdk8u101\7261\hotspot\src\share\vm\prims\jvm.cpp, line 1386]
Event: 0.189 Thread 0x0000000003233800 Exception <a 'java/security/PrivilegedActionException'> (0x000000076bcf8cc0) thrown at [C:\re\workspace\8-2-build-windows-amd64-cygwin\jdk8u101\7261\hotspot\src\share\vm\prims\jvm.cpp, line 1386]
Event: 0.190 Thread 0x0000000003233800 Exception <a 'java/security/PrivilegedActionException'> (0x000000076bcfcaf0) thrown at [C:\re\workspace\8-2-build-windows-amd64-cygwin\jdk8u101\7261\hotspot\src\share\vm\prims\jvm.cpp, line 1386]
Event: 0.190 Thread 0x0000000003233800 Exception <a 'java/security/PrivilegedActionException'> (0x000000076bcfcd00) thrown at [C:\re\workspace\8-2-build-windows-amd64-cygwin\jdk8u101\7261\hotspot\src\share\vm\prims\jvm.cpp, line 1386]
Event: 0.493 Thread 0x0000000003233800 Exception <a 'java/lang/NoSuchFieldError': method resolution failed> (0x000000076c494178) thrown at [C:\re\workspace\8-2-build-windows-amd64-cygwin\jdk8u101\7261\hotspot\src\share\vm\prims\methodHandles.cpp, line 1146]
Event: 0.497 Thread 0x0000000003233800 Exception <a 'java/lang/NoSuchFieldError': method resolution failed> (0x000000076c4a18e8) thrown at [C:\re\workspace\8-2-build-windows-amd64-cygwin\jdk8u101\7261\hotspot\src\share\vm\prims\methodHandles.cpp, line 1146]
Event: 8.400 Thread 0x0000000020e35000 Exception <a 'java/io/FileNotFoundException'> (0x000000076bd45f50) thrown at [C:\re\workspace\8-2-build-windows-amd64-cygwin\jdk8u101\7261\hotspot\src\share\vm\prims\jni.cpp, line 709]
Event: 8.400 Thread 0x0000000020e35000 Exception <a 'java/security/PrivilegedActionException'> (0x000000076bd46760) thrown at [C:\re\workspace\8-2-build-windows-amd64-cygwin\jdk8u101\7261\hotspot\src\share\vm\prims\jvm.cpp, line 1386]
Event: 21.285 Thread 0x0000000020e2f000 Exception <a 'java/lang/NullPointerException'> (0x000000076d15f718) thrown at [C:\re\workspace\8-2-build-windows-amd64-cygwin\jdk8u101\7261\hotspot\src\share\vm\interpreter\linkResolver.cpp, line 1280]

Events (10 events):
Event: 21.476 Executing VM operation: GetOrSetLocal
Event: 21.476 Executing VM operation: GetOrSetLocal done
Event: 21.477 Executing VM operation: GetOrSetLocal
Event: 21.477 Executing VM operation: GetOrSetLocal done
Event: 21.478 Executing VM operation: GetOrSetLocal
Event: 21.478 Executing VM operation: GetOrSetLocal done
Event: 21.478 Executing VM operation: GetOrSetLocal
Event: 21.478 Executing VM operation: GetOrSetLocal done
Event: 47.769 Executing VM operation: RedefineClasses
Event: 47.776 Executing VM operation: RedefineClasses done


Dynamic libraries:
0x00007ff77f150000 - 0x00007ff77f187000 	C:\Program Files\Java\jre1.8.0_101\bin\javaw.exe
0x00007ffd1afe0000 - 0x00007ffd1b1a1000 	C:\WINDOWS\SYSTEM32\ntdll.dll
0x00007ffd189d0000 - 0x00007ffd18a7d000 	C:\WINDOWS\system32\KERNEL32.DLL
0x00007ffd17ba0000 - 0x00007ffd17d88000 	C:\WINDOWS\system32\KERNELBASE.dll
0x00007ffd18f00000 - 0x00007ffd18fa7000 	C:\WINDOWS\system32\ADVAPI32.dll
0x00007ffd18510000 - 0x00007ffd185ad000 	C:\WINDOWS\system32\msvcrt.dll
0x00007ffd19350000 - 0x00007ffd193ab000 	C:\WINDOWS\system32\sechost.dll
0x00007ffd183e0000 - 0x00007ffd184fc000 	C:\WINDOWS\system32\RPCRT4.dll
0x00007ffd18d10000 - 0x00007ffd18e66000 	C:\WINDOWS\system32\USER32.dll
0x00007ffd18fb0000 - 0x00007ffd19136000 	C:\WINDOWS\system32\GDI32.dll
0x00007ffd11de0000 - 0x00007ffd12054000 	C:\WINDOWS\WinSxS\amd64_microsoft.windows.common-controls_6595b64144ccf1df_6.0.10586.494_none_a2d8b04ea53e3145\COMCTL32.dll
0x00007ffd18a90000 - 0x00007ffd18d0d000 	C:\WINDOWS\system32\combase.dll
0x00007ffd177f0000 - 0x00007ffd1785a000 	C:\WINDOWS\system32\bcryptPrimitives.dll
0x00007ffd1ae60000 - 0x00007ffd1ae9b000 	C:\WINDOWS\system32\IMM32.DLL
0x000000005b510000 - 0x000000005b5e2000 	C:\Program Files\Java\jre1.8.0_101\bin\msvcr100.dll
0x000000005b5f0000 - 0x000000005be8a000 	C:\Program Files\Java\jre1.8.0_101\bin\server\jvm.dll
0x00007ffd1a910000 - 0x00007ffd1a918000 	C:\WINDOWS\system32\PSAPI.DLL
0x00007ffd14500000 - 0x00007ffd14509000 	C:\WINDOWS\SYSTEM32\WSOCK32.dll
0x00007ffd15bf0000 - 0x00007ffd15c13000 	C:\WINDOWS\SYSTEM32\WINMM.dll
0x00007ffd12750000 - 0x00007ffd1275a000 	C:\WINDOWS\SYSTEM32\VERSION.dll
0x00007ffd1af70000 - 0x00007ffd1afdb000 	C:\WINDOWS\system32\WS2_32.dll
0x0000000003060000 - 0x000000000308c000 	C:\WINDOWS\SYSTEM32\WINMMBASE.dll
0x00007ffd17860000 - 0x00007ffd178a3000 	C:\WINDOWS\system32\cfgmgr32.dll
0x000000005c190000 - 0x000000005c19f000 	C:\Program Files\Java\jre1.8.0_101\bin\verify.dll
0x000000005c000000 - 0x000000005c029000 	C:\Program Files\Java\jre1.8.0_101\bin\java.dll
0x000000005b4d0000 - 0x000000005b505000 	C:\Program Files\Java\jre1.8.0_101\bin\jdwp.dll
0x000000005bf70000 - 0x000000005bf78000 	C:\Program Files\Java\jre1.8.0_101\bin\npt.dll
0x000000005c170000 - 0x000000005c186000 	C:\Program Files\Java\jre1.8.0_101\bin\zip.dll
0x00007ffd193b0000 - 0x00007ffd1a90c000 	C:\WINDOWS\system32\SHELL32.dll
0x00007ffd17d90000 - 0x00007ffd183d5000 	C:\WINDOWS\system32\windows.storage.dll
0x00007ffd1ae00000 - 0x00007ffd1ae52000 	C:\WINDOWS\system32\shlwapi.dll
0x00007ffd17680000 - 0x00007ffd1768f000 	C:\WINDOWS\system32\kernel.appcore.dll
0x00007ffd17ae0000 - 0x00007ffd17b95000 	C:\WINDOWS\system32\shcore.dll
0x00007ffd17630000 - 0x00007ffd1767b000 	C:\WINDOWS\system32\powrprof.dll
0x00007ffd17600000 - 0x00007ffd17614000 	C:\WINDOWS\system32\profapi.dll
0x000000005bf60000 - 0x000000005bf69000 	C:\Program Files\Java\jre1.8.0_101\bin\dt_socket.dll
0x00007ffd082c0000 - 0x00007ffd082d6000 	C:\WINDOWS\system32\napinsp.dll
0x00007ffd08280000 - 0x00007ffd0829a000 	C:\WINDOWS\system32\pnrpnsp.dll
0x00007ffd155a0000 - 0x00007ffd155b8000 	C:\WINDOWS\system32\NLAapi.dll
0x00007ffd16ed0000 - 0x00007ffd16f2c000 	C:\WINDOWS\System32\mswsock.dll
0x00007ffd15f80000 - 0x00007ffd1602a000 	C:\WINDOWS\SYSTEM32\DNSAPI.dll
0x00007ffd18500000 - 0x00007ffd18508000 	C:\WINDOWS\system32\NSI.dll
0x00007ffd08300000 - 0x00007ffd0830d000 	C:\WINDOWS\System32\winrnr.dll
0x000000005ca50000 - 0x000000005ca76000 	C:\Program Files\Bonjour\mdnsNSP.dll
0x00007ffd146d0000 - 0x00007ffd14708000 	C:\WINDOWS\SYSTEM32\Iphlpapi.DLL
0x00007ffd0d9e0000 - 0x00007ffd0da47000 	C:\WINDOWS\System32\fwpuclnt.dll
0x00007ffd17530000 - 0x00007ffd17559000 	C:\WINDOWS\SYSTEM32\bcrypt.dll
0x00007ffd06360000 - 0x00007ffd0636a000 	C:\Windows\System32\rasadhlp.dll
0x000000005bfe0000 - 0x000000005bffa000 	C:\Program Files\Java\jre1.8.0_101\bin\net.dll
0x00007ffd16f80000 - 0x00007ffd16f97000 	C:\WINDOWS\SYSTEM32\CRYPTSP.dll
0x00007ffd16c10000 - 0x00007ffd16c44000 	C:\WINDOWS\system32\rsaenh.dll
0x00007ffd16d60000 - 0x00007ffd16d7f000 	C:\WINDOWS\SYSTEM32\USERENV.dll
0x00007ffd170a0000 - 0x00007ffd170ab000 	C:\WINDOWS\SYSTEM32\CRYPTBASE.dll
0x00007ffd0d0e0000 - 0x00007ffd0d0f6000 	C:\WINDOWS\SYSTEM32\dhcpcsvc6.DLL
0x00007ffd0d020000 - 0x00007ffd0d03a000 	C:\WINDOWS\SYSTEM32\dhcpcsvc.DLL
0x000000005bfc0000 - 0x000000005bfd1000 	C:\Program Files\Java\jre1.8.0_101\bin\nio.dll
0x000000005bf90000 - 0x000000005bfb4000 	C:\Program Files\Java\jre1.8.0_101\bin\sunec.dll
0x000000005bf80000 - 0x000000005bf8b000 	C:\Program Files\Java\jre1.8.0_101\bin\sunmscapi.dll
0x00007ffd17910000 - 0x00007ffd17ad8000 	C:\WINDOWS\system32\CRYPT32.dll
0x00007ffd17620000 - 0x00007ffd17630000 	C:\WINDOWS\system32\MSASN1.dll
0x00007ffd13f20000 - 0x00007ffd140ac000 	C:\WINDOWS\SYSTEM32\dbghelp.dll

VM Arguments:
jvm_args: -agentlib:jdwp=transport=dt_socket,suspend=y,address=localhost:59652 -Dfile.encoding=UTF-8 
java_command: controllers.Routes
java_class_path (initial): D:\Milton\Utn\Tercero\Diseño de Sistemas\TP\entrega 5\tpdds2016\target\classes;C:\Users\Milton\.m2\repository\junit\junit\4.11\junit-4.11.jar;C:\Users\Milton\.m2\repository\org\hamcrest\hamcrest-core\1.3\hamcrest-core-1.3.jar;C:\Users\Milton\.m2\repository\com\google\maps\google-maps-services\0.1.12\google-maps-services-0.1.12.jar;C:\Users\Milton\.m2\repository\com\google\code\gson\gson\2.3.1\gson-2.3.1.jar;C:\Users\Milton\.m2\repository\com\squareup\okhttp\okhttp\2.0.0\okhttp-2.0.0.jar;C:\Users\Milton\.m2\repository\com\squareup\okio\okio\1.0.0\okio-1.0.0.jar;C:\Users\Milton\.m2\repository\joda-time\joda-time\2.9.2\joda-time-2.9.2.jar;C:\Users\Milton\.m2\repository\org\uqbar-project\geodds-xtend\1.0.0\geodds-xtend-1.0.0.jar;C:\Users\Milton\.m2\repository\org\eclipse\xtend\org.eclipse.xtend.lib\2.9.1\org.eclipse.xtend.lib-2.9.1.jar;C:\Users\Milton\.m2\repository\org\eclipse\xtext\org.eclipse.xtext.xbase.lib\2.9.1\org.eclipse.xtext.xbase.lib-2.9.1.jar;C:\Users\Milton\.m2\repository\org\eclipse\xtend\org.eclipse.xtend.lib.macro\2.9.1\org.eclipse.xtend.lib.macro-2.9.1.jar;C:\Users\Milton\.m2\repository\com\sparkjava\spark-core\2.2\spark-core-2.2.jar;C:\Users\Milton\.m2\repository\org\slf4j\slf4j-api\1.7.7\slf4j-api-1.7.7.jar;C:\Users\Milton\.m2\repository\org\slf4j\slf4j-simple\1.7.7\slf4j-simple-1.7.7.jar;C:\Users\Milton\.m2\repository\org\eclipse\jetty\jetty-server\9.0.2.v20130417\jetty-server-9.0.2.v20130417.jar;C:\Users\Milton\.m2\repository\org\eclipse\jetty\orbit\javax.servlet\3.0.0.v201112011016\javax.servlet-3.0.0.v201112011016.jar;C:\Users\Milton\.m2\repository\org\eclipse\jetty\jetty-http\9.0.2.v20130417\jetty-http-9.0.2.v20130417.jar;C:\Users\Milton\.m2\repository\org\eclipse\jetty\jetty-util\9.0.2.v20130417\jetty-util-9.0.2.v20130417.jar;C:\Users\Milton\.m2\repository\org\eclipse\jetty\jetty-io\9.0.2.v20130417\jetty-io-9.0.2.v20130417.jar;C:\Users\Milton\.m2\repository\org\eclipse\jetty\jetty-webapp\9.0.2.v20130417\jetty-webapp-
Launcher Type: SUN_STANDARD

Environment Variables:
PATH=C:/Program Files/Java/jre1.8.0_101/bin/server;C:/Program Files/Java/jre1.8.0_101/bin;C:/Program Files/Java/jre1.8.0_101/lib/amd64;C:\ProgramData\Oracle\Java\javapath;C:\Program Files\Broadcom\Broadcom 802.11 Network Adapter;C:\Program Files (x86)\Intel\iCLS Client\;C:\Program Files\Intel\iCLS Client\;C:\windows\system32;C:\windows;C:\windows\System32\Wbem;C:\windows\System32\WindowsPowerShell\v1.0\;C:\Program Files (x86)\Intel\Intel(R) Management Engine Components\DAL;C:\Program Files\Intel\Intel(R) Management Engine Components\DAL;C:\Program Files (x86)\Intel\Intel(R) Management Engine Components\IPT;C:\Program Files\Intel\Intel(R) Management Engine Components\IPT;C:\Program Files (x86)\NVIDIA Corporation\PhysX\Common;C:\Program Files\Intel\IntelSGXPSW\bin\x64\Release\;C:\Program Files\Intel\IntelSGXPSW\bin\win32\Release\;C:\Program Files (x86)\Skype\Phone\;C:\WINDOWS\system32;C:\WINDOWS;C:\WINDOWS\System32\Wbem;C:\WINDOWS\System32\WindowsPowerShell\v1.0\;D:\Programas\Matlab\bin;C:\Program Files\Microsoft SQL Server\110\Tools\Binn\;C:\Program Files (x86)\Microsoft SQL Server\110\Tools\Binn\;C:\Program Files\Microsoft SQL Server\110\DTS\Binn\;C:\Program Files (x86)\Microsoft SQL Server\110\Tools\Binn\ManagementStudio\;C:\Program Files (x86)\Microsoft SQL Server\110\DTS\Binn\;C:\Users\Milton\AppData\Local\atom\bin;D:\Milton\Utn\Tercero\Diseño de Sistemas\TP\eclipse-java-mars-R-win32-x86_64\eclipse;
USERNAME=Milton
OS=Windows_NT
PROCESSOR_IDENTIFIER=Intel64 Family 6 Model 94 Stepping 3, GenuineIntel



---------------  S Y S T E M  ---------------

OS: Windows 10.0 , 64 bit Build 10586 (10.0.10586.0)

CPU:total 8 (4 cores per cpu, 2 threads per core) family 6 model 94 stepping 3, cmov, cx8, fxsr, mmx, sse, sse2, sse3, ssse3, sse4.1, sse4.2, popcnt, avx, avx2, aes, clmul, erms, rtm, 3dnowpref, lzcnt, ht, tsc, tscinvbit, bmi1, bmi2, adx

Memory: 4k page, physical 16612064k(11317404k free), swap 19102432k(12654444k free)

vm_info: Java HotSpot(TM) 64-Bit Server VM (25.101-b13) for windows-amd64 JRE (1.8.0_101-b13), built on Jun 22 2016 01:21:29 by "java_re" with MS VC++ 10.0 (VS2010)

time: Fri Sep 09 15:10:58 2016
elapsed time: 47 seconds (0d 0h 0m 47s)

